<?xml version="1.0" encoding="utf-8"?><testsuites name="pytest tests"><testsuite name="pytest" errors="0" failures="1" skipped="0" tests="9" time="0.468" timestamp="2026-01-11T03:35:28.770866+00:00" hostname="agent-env-ecd63b26-576f-42dc-bc09-4398cd56c78f"><testcase classname="tests.test_pdf_qa_and_text_classifier.TestHealthCheck" name="test_api_health" time="0.053" /><testcase classname="tests.test_pdf_qa_and_text_classifier.TestHealthCheck" name="test_api_root" time="0.037" /><testcase classname="tests.test_pdf_qa_and_text_classifier.TestPDFQAUpload" name="test_upload_requires_pdf" time="0.041" /><testcase classname="tests.test_pdf_qa_and_text_classifier.TestPDFQAUpload" name="test_upload_valid_pdf" time="0.042"><failure message="Failed: Unexpected status code: 520">tests/test_pdf_qa_and_text_classifier.py:137: in test_upload_valid_pdf
    pytest.fail(f"Unexpected status code: {response.status_code}")
E   Failed: Unexpected status code: 520</failure></testcase><testcase classname="tests.test_pdf_qa_and_text_classifier.TestPDFQAAsk" name="test_ask_without_upload" time="0.037" /><testcase classname="tests.test_pdf_qa_and_text_classifier.TestPDFQASession" name="test_get_nonexistent_session" time="0.037" /><testcase classname="tests.test_pdf_qa_and_text_classifier.TestPDFQASession" name="test_delete_session" time="0.035" /><testcase classname="tests.test_pdf_qa_and_text_classifier.TestValidateEndpoint" name="test_validate_empty_network" time="0.078" /><testcase classname="tests.test_pdf_qa_and_text_classifier.TestValidateEndpoint" name="test_validate_simple_network" time="0.033" /></testsuite></testsuites>