<?xml version="1.0" encoding="utf-8"?><testsuites name="pytest tests"><testsuite name="pytest" errors="0" failures="0" skipped="0" tests="9" time="0.459" timestamp="2026-01-11T03:35:52.632308+00:00" hostname="agent-env-ecd63b26-576f-42dc-bc09-4398cd56c78f"><testcase classname="tests.test_pdf_qa_and_text_classifier.TestHealthCheck" name="test_api_health" time="0.056" /><testcase classname="tests.test_pdf_qa_and_text_classifier.TestHealthCheck" name="test_api_root" time="0.037" /><testcase classname="tests.test_pdf_qa_and_text_classifier.TestPDFQAUpload" name="test_upload_requires_pdf" time="0.041" /><testcase classname="tests.test_pdf_qa_and_text_classifier.TestPDFQAUpload" name="test_upload_valid_pdf" time="0.034" /><testcase classname="tests.test_pdf_qa_and_text_classifier.TestPDFQAAsk" name="test_ask_without_upload" time="0.039" /><testcase classname="tests.test_pdf_qa_and_text_classifier.TestPDFQASession" name="test_get_nonexistent_session" time="0.038" /><testcase classname="tests.test_pdf_qa_and_text_classifier.TestPDFQASession" name="test_delete_session" time="0.040" /><testcase classname="tests.test_pdf_qa_and_text_classifier.TestValidateEndpoint" name="test_validate_empty_network" time="0.077" /><testcase classname="tests.test_pdf_qa_and_text_classifier.TestValidateEndpoint" name="test_validate_simple_network" time="0.037" /></testsuite></testsuites>